2014-02-22 15:25:29.985 HelloWorld[66272:a0b] Multi-tasking -> Device: YES, App: YES
2014-02-22 15:25:30.148 HelloWorld[66272:a0b] Resetting plugins due to page load.
2014-02-22 15:25:30.252 HelloWorld[66272:a0b] Finished load of: file:///Users/pyry/Library/Application%20Support/iPhone%20Simulator/7.0.3/Applications/98126CEA-7449-4C5F-BFB7-318BBA9231E0/HelloWorld.app/www/index.html
2014-02-22 15:28:24.674 HelloWorld[67476:a0b] Multi-tasking -> Device: YES, App: YES
2014-02-22 15:28:24.821 HelloWorld[67476:a0b] Resetting plugins due to page load.
2014-02-22 15:28:24.902 HelloWorld[67476:a0b] Finished load of: file:///Users/pyry/Library/Application%20Support/iPhone%20Simulator/7.0.3/Applications/98126CEA-7449-4C5F-BFB7-318BBA9231E0/HelloWorld.app/www/index.html
2014-02-22 15:29:23.248 HelloWorld[68056:a0b] Multi-tasking -> Device: YES, App: YES
2014-02-22 15:29:23.636 HelloWorld[68056:a0b] Resetting plugins due to page load.
2014-02-22 15:29:23.991 HelloWorld[68056:a0b] Finished load of: file:///Users/pyry/Library/Application%20Support/iPhone%20Simulator/7.0.3/Applications/98126CEA-7449-4C5F-BFB7-318BBA9231E0/HelloWorld.app/www/index.html
2014-02-22 15:30:45.054 HelloWorld[68481:a0b] Multi-tasking -> Device: YES, App: YES
2014-02-22 15:30:45.423 HelloWorld[68481:a0b] Resetting plugins due to page load.
2014-02-22 15:30:45.685 HelloWorld[68481:a0b] Finished load of: file:///Users/pyry/Library/Application%20Support/iPhone%20Simulator/7.0.3/Applications/98126CEA-7449-4C5F-BFB7-318BBA9231E0/HelloWorld.app/www/index.html
2014-02-22 15:31:33.674 HelloWorld[68921:a0b] Multi-tasking -> Device: YES, App: YES
2014-02-22 15:31:34.027 HelloWorld[68921:a0b] Resetting plugins due to page load.
2014-02-22 15:31:34.291 HelloWorld[68921:4303] ERROR whitelist rejection: url='http://fonts.googleapis.com/css?family=Open+Sans%7CKaushan+Script'
2014-02-22 15:31:34.293 HelloWorld[68921:4303] ERROR whitelist rejection: url='http://fonts.googleapis.com/css?family=Open+Sans%7CKaushan+Script'
2014-02-22 15:31:34.295 HelloWorld[68921:4303] ERROR whitelist rejection: url='http://fonts.googleapis.com/css?family=Open+Sans%7CKaushan+Script'
2014-02-22 15:31:34.429 HelloWorld[68921:a0b] Finished load of: file:///Users/pyry/Library/Application%20Support/iPhone%20Simulator/7.0.3/Applications/98126CEA-7449-4C5F-BFB7-318BBA9231E0/HelloWorld.app/www/index.html
2014-02-22 15:48:02.482 HelloWorld[71802:a0b] Multi-tasking -> Device: YES, App: YES
2014-02-22 15:48:02.665 HelloWorld[71802:a0b] Resetting plugins due to page load.
2014-02-22 15:48:03.108 HelloWorld[71802:4203] ERROR whitelist rejection: url='http://fonts.googleapis.com/css?family=Open+Sans%7CKaushan+Script'
2014-02-22 15:48:03.109 HelloWorld[71802:4203] ERROR whitelist rejection: url='http://fonts.googleapis.com/css?family=Open+Sans%7CKaushan+Script'
2014-02-22 15:48:03.111 HelloWorld[71802:4203] ERROR whitelist rejection: url='http://fonts.googleapis.com/css?family=Open+Sans%7CKaushan+Script'
2014-02-22 15:48:03.168 HelloWorld[71802:a0b] Finished load of: file:///Users/pyry/Library/Application%20Support/iPhone%20Simulator/7.0.3/Applications/98126CEA-7449-4C5F-BFB7-318BBA9231E0/HelloWorld.app/www/index.html
2014-02-22 15:48:28.067 HelloWorld[72188:a0b] Multi-tasking -> Device: YES, App: YES
2014-02-22 15:48:28.442 HelloWorld[72188:a0b] Resetting plugins due to page load.
2014-02-22 15:48:28.794 HelloWorld[72188:4103] ERROR whitelist rejection: url='http://fonts.googleapis.com/css?family=Open+Sans%7CKaushan+Script'
2014-02-22 15:48:28.797 HelloWorld[72188:4103] ERROR whitelist rejection: url='http://fonts.googleapis.com/css?family=Open+Sans%7CKaushan+Script'
2014-02-22 15:48:28.800 HelloWorld[72188:4103] ERROR whitelist rejection: url='http://fonts.googleapis.com/css?family=Open+Sans%7CKaushan+Script'
2014-02-22 15:48:28.891 HelloWorld[72188:a0b] Finished load of: file:///Users/pyry/Library/Application%20Support/iPhone%20Simulator/7.0.3/Applications/9F8E444D-123D-4A12-9440-DB1A36614822/HelloWorld.app/www/index.html
2014-02-22 15:52:05.114 HelloWorld[72896:a0b] Multi-tasking -> Device: YES, App: YES
2014-02-22 15:52:05.475 HelloWorld[72896:a0b] Resetting plugins due to page load.
2014-02-22 15:52:05.804 HelloWorld[72896:4103] ERROR whitelist rejection: url='http://fonts.googleapis.com/css?family=Open+Sans%7CKaushan+Script'
2014-02-22 15:52:05.805 HelloWorld[72896:4103] ERROR whitelist rejection: url='http://fonts.googleapis.com/css?family=Open+Sans%7CKaushan+Script'
2014-02-22 15:52:05.806 HelloWorld[72896:4103] ERROR whitelist rejection: url='http://fonts.googleapis.com/css?family=Open+Sans%7CKaushan+Script'
2014-02-22 15:52:05.878 HelloWorld[72896:a0b] Finished load of: file:///Users/pyry/Library/Application%20Support/iPhone%20Simulator/7.0.3/Applications/9F8E444D-123D-4A12-9440-DB1A36614822/HelloWorld.app/www/index.html
2014-02-22 15:53:52.439 HelloWorld[73337:a0b] Multi-tasking -> Device: YES, App: YES
2014-02-22 15:53:52.804 HelloWorld[73337:a0b] Resetting plugins due to page load.
2014-02-22 15:53:53.118 HelloWorld[73337:4103] ERROR whitelist rejection: url='http://fonts.googleapis.com/css?family=Open+Sans%7CKaushan+Script'
2014-02-22 15:53:53.120 HelloWorld[73337:4103] ERROR whitelist rejection: url='http://fonts.googleapis.com/css?family=Open+Sans%7CKaushan+Script'
2014-02-22 15:53:53.121 HelloWorld[73337:4103] ERROR whitelist rejection: url='http://fonts.googleapis.com/css?family=Open+Sans%7CKaushan+Script'
2014-02-22 15:53:53.127 HelloWorld[73337:4103] ERROR whitelist rejection: url='http://localhost:5000//data/concepts.json'
2014-02-22 15:53:53.127 HelloWorld[73337:4103] ERROR whitelist rejection: url='http://localhost:5000//data/concepts.json'
2014-02-22 15:53:53.128 HelloWorld[73337:4103] ERROR whitelist rejection: url='http://localhost:5000//data/concepts.json'
2014-02-22 15:53:53.199 HelloWorld[73337:a0b] Finished load of: file:///Users/pyry/Library/Application%20Support/iPhone%20Simulator/7.0.3/Applications/9F8E444D-123D-4A12-9440-DB1A36614822/HelloWorld.app/www/index.html
2014-02-22 15:54:01.127 HelloWorld[73337:4103] ERROR whitelist rejection: url='http://localhost:5000//data/concepts.json'
2014-02-22 15:54:01.128 HelloWorld[73337:4103] ERROR whitelist rejection: url='http://localhost:5000//data/concepts.json'
2014-02-22 15:54:01.129 HelloWorld[73337:4103] ERROR whitelist rejection: url='http://localhost:5000//data/concepts.json'
2014-02-22 15:55:54.804 HelloWorld[73799:a0b] Multi-tasking -> Device: YES, App: YES
2014-02-22 15:55:54.817 HelloWorld[73799:a0b] Unlimited access to network resources
2014-02-22 15:55:55.269 HelloWorld[73799:a0b] Resetting plugins due to page load.
2014-02-22 15:55:57.704 HelloWorld[73799:a0b] Finished load of: file:///Users/pyry/Library/Application%20Support/iPhone%20Simulator/7.0.3/Applications/9F8E444D-123D-4A12-9440-DB1A36614822/HelloWorld.app/www/index.html
2014-02-22 15:57:15.479 HelloWorld[74221:a0b] Multi-tasking -> Device: YES, App: YES
2014-02-22 15:57:15.493 HelloWorld[74221:a0b] Unlimited access to network resources
2014-02-22 15:57:15.630 HelloWorld[74221:a0b] Resetting plugins due to page load.
2014-02-22 15:57:16.465 HelloWorld[74221:a0b] Finished load of: file:///Users/pyry/Library/Application%20Support/iPhone%20Simulator/7.0.3/Applications/9F8E444D-123D-4A12-9440-DB1A36614822/HelloWorld.app/www/index.html
2014-02-22 15:59:17.279 HelloWorld[74680:a0b] Multi-tasking -> Device: YES, App: YES
2014-02-22 15:59:17.300 HelloWorld[74680:a0b] Unlimited access to network resources
2014-02-22 15:59:17.405 HelloWorld[74680:a0b] Resetting plugins due to page load.
2014-02-22 15:59:18.345 HelloWorld[74680:a0b] Finished load of: file:///Users/pyry/Library/Application%20Support/iPhone%20Simulator/7.0.3/Applications/9F8E444D-123D-4A12-9440-DB1A36614822/HelloWorld.app/www/index.html
2014-02-22 16:07:42.305 HelloWorld[76620:a0b] Multi-tasking -> Device: YES, App: YES
2014-02-22 16:07:42.317 HelloWorld[76620:a0b] Unlimited access to network resources
2014-02-22 16:07:42.659 HelloWorld[76620:a0b] Resetting plugins due to page load.
2014-02-22 16:07:43.371 HelloWorld[76620:a0b] Finished load of: file:///Users/pyry/Library/Application%20Support/iPhone%20Simulator/7.0.3/Applications/9F8E444D-123D-4A12-9440-DB1A36614822/HelloWorld.app/www/index.html
